{"/Users/saraiva/lab/proj/SAP012-dataverse/src/dataFunctions.js": {"path":"/Users/saraiva/lab/proj/SAP012-dataverse/src/dataFunctions.js","statementMap":{"0":{"start":{"line":1,"column":24},"end":{"line":11,"column":1}},"1":{"start":{"line":2,"column":2},"end":{"line":4,"column":3}},"2":{"start":{"line":3,"column":4},"end":{"line":3,"column":15}},"3":{"start":{"line":5,"column":23},"end":{"line":5,"column":34}},"4":{"start":{"line":6,"column":23},"end":{"line":8,"column":4}},"5":{"start":{"line":7,"column":4},"end":{"line":7,"column":155}},"6":{"start":{"line":10,"column":2},"end":{"line":10,"column":22}},"7":{"start":{"line":13,"column":22},"end":{"line":30,"column":1}},"8":{"start":{"line":14,"column":2},"end":{"line":16,"column":3}},"9":{"start":{"line":15,"column":4},"end":{"line":15,"column":15}},"10":{"start":{"line":17,"column":2},"end":{"line":23,"column":5}},"11":{"start":{"line":18,"column":4},"end":{"line":22,"column":5}},"12":{"start":{"line":19,"column":6},"end":{"line":19,"column":65}},"13":{"start":{"line":21,"column":6},"end":{"line":21,"column":42}},"14":{"start":{"line":25,"column":2},"end":{"line":27,"column":3}},"15":{"start":{"line":26,"column":4},"end":{"line":26,"column":19}},"16":{"start":{"line":29,"column":2},"end":{"line":29,"column":14}},"17":{"start":{"line":32,"column":32},"end":{"line":40,"column":1}},"18":{"start":{"line":33,"column":15},"end":{"line":37,"column":3}},"19":{"start":{"line":35,"column":6},"end":{"line":35,"column":48}},"20":{"start":{"line":38,"column":16},"end":{"line":38,"column":34}},"21":{"start":{"line":39,"column":2},"end":{"line":39,"column":25}},"22":{"start":{"line":42,"column":34},"end":{"line":50,"column":1}},"23":{"start":{"line":43,"column":15},"end":{"line":47,"column":3}},"24":{"start":{"line":45,"column":6},"end":{"line":45,"column":49}},"25":{"start":{"line":48,"column":16},"end":{"line":48,"column":34}},"26":{"start":{"line":49,"column":2},"end":{"line":49,"column":25}}},"fnMap":{"0":{"name":"(anonymous_0)","decl":{"start":{"line":1,"column":24},"end":{"line":1,"column":25}},"loc":{"start":{"line":1,"column":47},"end":{"line":11,"column":1}},"line":1},"1":{"name":"(anonymous_1)","decl":{"start":{"line":6,"column":35},"end":{"line":6,"column":36}},"loc":{"start":{"line":6,"column":43},"end":{"line":8,"column":3}},"line":6},"2":{"name":"(anonymous_2)","decl":{"start":{"line":13,"column":22},"end":{"line":13,"column":23}},"loc":{"start":{"line":13,"column":56},"end":{"line":30,"column":1}},"line":13},"3":{"name":"(anonymous_3)","decl":{"start":{"line":17,"column":12},"end":{"line":17,"column":13}},"loc":{"start":{"line":17,"column":22},"end":{"line":23,"column":3}},"line":17},"4":{"name":"(anonymous_4)","decl":{"start":{"line":32,"column":32},"end":{"line":32,"column":33}},"loc":{"start":{"line":32,"column":42},"end":{"line":40,"column":1}},"line":32},"5":{"name":"(anonymous_5)","decl":{"start":{"line":34,"column":4},"end":{"line":34,"column":5}},"loc":{"start":{"line":34,"column":32},"end":{"line":36,"column":5}},"line":34},"6":{"name":"(anonymous_6)","decl":{"start":{"line":42,"column":34},"end":{"line":42,"column":35}},"loc":{"start":{"line":42,"column":44},"end":{"line":50,"column":1}},"line":42},"7":{"name":"(anonymous_7)","decl":{"start":{"line":44,"column":4},"end":{"line":44,"column":5}},"loc":{"start":{"line":44,"column":32},"end":{"line":46,"column":5}},"line":44}},"branchMap":{"0":{"loc":{"start":{"line":2,"column":2},"end":{"line":4,"column":3}},"type":"if","locations":[{"start":{"line":2,"column":2},"end":{"line":4,"column":3}},{"start":{},"end":{}}],"line":2},"1":{"loc":{"start":{"line":7,"column":11},"end":{"line":7,"column":154}},"type":"binary-expr","locations":[{"start":{"line":7,"column":11},"end":{"line":7,"column":60}},{"start":{"line":7,"column":64},"end":{"line":7,"column":109}},{"start":{"line":7,"column":113},"end":{"line":7,"column":154}}],"line":7},"2":{"loc":{"start":{"line":14,"column":2},"end":{"line":16,"column":3}},"type":"if","locations":[{"start":{"line":14,"column":2},"end":{"line":16,"column":3}},{"start":{},"end":{}}],"line":14},"3":{"loc":{"start":{"line":14,"column":6},"end":{"line":14,"column":44}},"type":"binary-expr","locations":[{"start":{"line":14,"column":6},"end":{"line":14,"column":28}},{"start":{"line":14,"column":32},"end":{"line":14,"column":44}}],"line":14},"4":{"loc":{"start":{"line":18,"column":4},"end":{"line":22,"column":5}},"type":"if","locations":[{"start":{"line":18,"column":4},"end":{"line":22,"column":5}},{"start":{"line":20,"column":11},"end":{"line":22,"column":5}}],"line":18},"5":{"loc":{"start":{"line":18,"column":8},"end":{"line":18,"column":79}},"type":"binary-expr","locations":[{"start":{"line":18,"column":8},"end":{"line":18,"column":42}},{"start":{"line":18,"column":46},"end":{"line":18,"column":79}}],"line":18},"6":{"loc":{"start":{"line":25,"column":2},"end":{"line":27,"column":3}},"type":"if","locations":[{"start":{"line":25,"column":2},"end":{"line":27,"column":3}},{"start":{},"end":{}}],"line":25}},"s":{"0":1,"1":4,"2":1,"3":3,"4":3,"5":9,"6":3,"7":1,"8":7,"9":1,"10":6,"11":15,"12":10,"13":5,"14":6,"15":3,"16":6,"17":1,"18":1,"19":3,"20":1,"21":1,"22":1,"23":1,"24":3,"25":1,"26":1},"f":{"0":4,"1":9,"2":7,"3":15,"4":1,"5":3,"6":1,"7":3},"b":{"0":[1,3],"1":[9,8,5],"2":[1,6],"3":[7,6],"4":[10,5],"5":[15,9],"6":[3,3]},"_coverageSchema":"1a1c01bbd47fc00a2c39e90264f33305004495a9","hash":"050acfb6f58a8154d0cb88cd5704c35a03e1880c"}
,"/Users/saraiva/lab/proj/SAP012-dataverse/test/data.js": {"path":"/Users/saraiva/lab/proj/SAP012-dataverse/test/data.js","statementMap":{"0":{"start":{"line":1,"column":20},"end":{"line":47,"column":1}}},"fnMap":{},"branchMap":{},"s":{"0":1},"f":{},"b":{},"_coverageSchema":"1a1c01bbd47fc00a2c39e90264f33305004495a9","hash":"7eea6e9f7cf90599cf6df455439b6c3c41693557"}
}
