TN:
SF:src/dataFunctions.js
FN:1,(anonymous_0)
FN:6,(anonymous_1)
FN:13,(anonymous_2)
FN:17,(anonymous_3)
FN:32,(anonymous_4)
FN:34,(anonymous_5)
FN:42,(anonymous_6)
FN:44,(anonymous_7)
FNF:8
FNH:8
FNDA:4,(anonymous_0)
FNDA:9,(anonymous_1)
FNDA:7,(anonymous_2)
FNDA:15,(anonymous_3)
FNDA:1,(anonymous_4)
FNDA:3,(anonymous_5)
FNDA:1,(anonymous_6)
FNDA:3,(anonymous_7)
DA:1,1
DA:2,4
DA:3,1
DA:5,3
DA:6,3
DA:7,9
DA:10,3
DA:13,1
DA:14,7
DA:15,1
DA:17,6
DA:18,15
DA:19,10
DA:21,5
DA:25,6
DA:26,3
DA:29,6
DA:32,1
DA:33,1
DA:35,3
DA:38,1
DA:39,1
DA:42,1
DA:43,1
DA:45,3
DA:48,1
DA:49,1
LF:27
LH:27
BRDA:2,0,0,1
BRDA:2,0,1,3
BRDA:7,1,0,9
BRDA:7,1,1,8
BRDA:7,1,2,5
BRDA:14,2,0,1
BRDA:14,2,1,6
BRDA:14,3,0,7
BRDA:14,3,1,6
BRDA:18,4,0,10
BRDA:18,4,1,5
BRDA:18,5,0,15
BRDA:18,5,1,9
BRDA:25,6,0,3
BRDA:25,6,1,3
BRF:15
BRH:15
end_of_record
TN:
SF:test/data.js
FNF:0
FNH:0
DA:1,1
LF:1
LH:1
BRF:0
BRH:0
end_of_record
